27-Jul-2021 10:15:06.900 정보 [main] org.apache.catalina.startup.VersionLoggerListener.log 서버 버전 이름:    Apache Tomcat/9.0.50
27-Jul-2021 10:15:06.907 정보 [main] org.apache.catalina.startup.VersionLoggerListener.log Server 빌드 시각:  Jun 28 2021 08:46:44 UTC
27-Jul-2021 10:15:06.908 정보 [main] org.apache.catalina.startup.VersionLoggerListener.log Server 버전 번호:  9.0.50.0
27-Jul-2021 10:15:06.908 정보 [main] org.apache.catalina.startup.VersionLoggerListener.log 운영체제 이름:     Windows 10
27-Jul-2021 10:15:06.908 정보 [main] org.apache.catalina.startup.VersionLoggerListener.log 운영체제 버전:     10.0
27-Jul-2021 10:15:06.909 정보 [main] org.apache.catalina.startup.VersionLoggerListener.log 아키텍처:          amd64
27-Jul-2021 10:15:06.909 정보 [main] org.apache.catalina.startup.VersionLoggerListener.log 자바 홈:           C:\Program Files\Java\jdk1.8.0_291\jre
27-Jul-2021 10:15:06.910 정보 [main] org.apache.catalina.startup.VersionLoggerListener.log JVM 버전:          1.8.0_291-b10
27-Jul-2021 10:15:06.910 정보 [main] org.apache.catalina.startup.VersionLoggerListener.log JVM 벤더:          Oracle Corporation
27-Jul-2021 10:15:06.911 정보 [main] org.apache.catalina.startup.VersionLoggerListener.log CATALINA_BASE:     C:\Users\박북경\Desktop\workspace\AWS\Nil\tomcat\apache-tomcat-9.0.50-windows-x64\apache-tomcat-9.0.50
27-Jul-2021 10:15:06.911 정보 [main] org.apache.catalina.startup.VersionLoggerListener.log CATALINA_HOME:     C:\Users\박북경\Desktop\workspace\AWS\Nil\tomcat\apache-tomcat-9.0.50-windows-x64\apache-tomcat-9.0.50
27-Jul-2021 10:15:06.912 정보 [main] org.apache.catalina.startup.VersionLoggerListener.log 명령 행 아규먼트:  -Djava.util.logging.config.file=C:\Users\박북경\Desktop\workspace\AWS\Nil\tomcat\apache-tomcat-9.0.50-windows-x64\apache-tomcat-9.0.50\conf\logging.properties
27-Jul-2021 10:15:06.914 정보 [main] org.apache.catalina.startup.VersionLoggerListener.log 명령 행 아규먼트:  -Djava.util.logging.manager=org.apache.juli.ClassLoaderLogManager
27-Jul-2021 10:15:06.916 정보 [main] org.apache.catalina.startup.VersionLoggerListener.log 명령 행 아규먼트:  -Djdk.tls.ephemeralDHKeySize=2048
27-Jul-2021 10:15:06.917 정보 [main] org.apache.catalina.startup.VersionLoggerListener.log 명령 행 아규먼트:  -Djava.protocol.handler.pkgs=org.apache.catalina.webresources
27-Jul-2021 10:15:06.918 정보 [main] org.apache.catalina.startup.VersionLoggerListener.log 명령 행 아규먼트:  -Dignore.endorsed.dirs=
27-Jul-2021 10:15:06.919 정보 [main] org.apache.catalina.startup.VersionLoggerListener.log 명령 행 아규먼트:  -Dcatalina.base=C:\Users\박북경\Desktop\workspace\AWS\Nil\tomcat\apache-tomcat-9.0.50-windows-x64\apache-tomcat-9.0.50
27-Jul-2021 10:15:06.921 정보 [main] org.apache.catalina.startup.VersionLoggerListener.log 명령 행 아규먼트:  -Dcatalina.home=C:\Users\박북경\Desktop\workspace\AWS\Nil\tomcat\apache-tomcat-9.0.50-windows-x64\apache-tomcat-9.0.50
27-Jul-2021 10:15:06.922 정보 [main] org.apache.catalina.startup.VersionLoggerListener.log 명령 행 아규먼트:  -Djava.io.tmpdir=C:\Users\박북경\Desktop\workspace\AWS\Nil\tomcat\apache-tomcat-9.0.50-windows-x64\apache-tomcat-9.0.50\temp
27-Jul-2021 10:15:06.930 정보 [main] org.apache.catalina.core.AprLifecycleListener.lifecycleEvent APR 버전 [1.7.0]을(를) 사용한, APR 기반 Apache Tomcat Native 라이브러리 [1.2.30]을(를) 로드했습니다.
27-Jul-2021 10:15:06.933 정보 [main] org.apache.catalina.core.AprLifecycleListener.lifecycleEvent APR 용량정보들: IPv6 [true], sendfile [true], accept filters [false], random [true], UDS [true].
27-Jul-2021 10:15:06.934 정보 [main] org.apache.catalina.core.AprLifecycleListener.lifecycleEvent APR/OpenSSL 설정: useAprConnector [false], useOpenSSL [true]
27-Jul-2021 10:15:06.945 정보 [main] org.apache.catalina.core.AprLifecycleListener.initializeSSL OpenSSL이 성공적으로 초기화되었습니다: [OpenSSL 1.1.1k  25 Mar 2021]
27-Jul-2021 10:15:07.496 정보 [main] org.apache.coyote.AbstractProtocol.init 프로토콜 핸들러 ["http-nio-8080"]을(를) 초기화합니다.
27-Jul-2021 10:15:07.550 정보 [main] org.apache.catalina.startup.Catalina.load [946] 밀리초 내에 서버가 초기화되었습니다.
27-Jul-2021 10:15:07.626 정보 [main] org.apache.catalina.core.StandardService.startInternal 서비스 [Catalina]을(를) 시작합니다.
27-Jul-2021 10:15:07.628 정보 [main] org.apache.catalina.core.StandardEngine.startInternal 서버 엔진을 시작합니다: [Apache Tomcat/9.0.50]
27-Jul-2021 10:15:07.676 정보 [main] org.apache.catalina.startup.HostConfig.deployWAR 웹 애플리케이션 아카이브 [C:\Users\박북경\Desktop\workspace\AWS\Nil\tomcat\apache-tomcat-9.0.50-windows-x64\apache-tomcat-9.0.50\webapps\NilPage-0.0.1-SNAPSHOT.war]을(를) 배치합니다.
27-Jul-2021 10:15:14.150 정보 [main] org.apache.jasper.servlet.TldScanner.scanJars 적어도 하나의 JAR가 TLD들을 찾기 위해 스캔되었으나 아무 것도 찾지 못했습니다. 스캔했으나 TLD가 없는 JAR들의 전체 목록을 보시려면, 로그 레벨을 디버그 레벨로 설정하십시오. 스캔 과정에서 불필요한 JAR들을 건너뛰면, 시스템 시작 시간과 JSP 컴파일 시간을 단축시킬 수 있습니다.
27-Jul-2021 10:15:15.619 경고 [main] org.apache.catalina.util.SessionIdGeneratorBase.createSecureRandom [SHA1PRNG] 알고리즘을 사용하여, 세션 ID를 생성하기 위한 SecureRandom 객체를 생성하는데, [1,184] 밀리초가 소요됐습니다.
27-Jul-2021 10:15:15.650 정보 [main] org.apache.catalina.startup.HostConfig.deployWAR 웹 애플리케이션 아카이브 [C:\Users\박북경\Desktop\workspace\AWS\Nil\tomcat\apache-tomcat-9.0.50-windows-x64\apache-tomcat-9.0.50\webapps\NilPage-0.0.1-SNAPSHOT.war]의 배치가 [7,974] 밀리초에 완료되었습니다.
27-Jul-2021 10:15:15.652 정보 [main] org.apache.catalina.startup.HostConfig.deployDirectory 웹 애플리케이션 디렉토리 [C:\Users\박북경\Desktop\workspace\AWS\Nil\tomcat\apache-tomcat-9.0.50-windows-x64\apache-tomcat-9.0.50\webapps\docs]을(를) 배치합니다.
27-Jul-2021 10:15:15.703 정보 [main] org.apache.catalina.startup.HostConfig.deployDirectory 웹 애플리케이션 디렉토리 [C:\Users\박북경\Desktop\workspace\AWS\Nil\tomcat\apache-tomcat-9.0.50-windows-x64\apache-tomcat-9.0.50\webapps\docs]에 대한 배치가 [52] 밀리초에 완료되었습니다.
27-Jul-2021 10:15:15.706 정보 [main] org.apache.catalina.startup.HostConfig.deployDirectory 웹 애플리케이션 디렉토리 [C:\Users\박북경\Desktop\workspace\AWS\Nil\tomcat\apache-tomcat-9.0.50-windows-x64\apache-tomcat-9.0.50\webapps\examples]을(를) 배치합니다.
27-Jul-2021 10:15:16.293 정보 [main] org.apache.catalina.startup.HostConfig.deployDirectory 웹 애플리케이션 디렉토리 [C:\Users\박북경\Desktop\workspace\AWS\Nil\tomcat\apache-tomcat-9.0.50-windows-x64\apache-tomcat-9.0.50\webapps\examples]에 대한 배치가 [587] 밀리초에 완료되었습니다.
27-Jul-2021 10:15:16.296 정보 [main] org.apache.catalina.startup.HostConfig.deployDirectory 웹 애플리케이션 디렉토리 [C:\Users\박북경\Desktop\workspace\AWS\Nil\tomcat\apache-tomcat-9.0.50-windows-x64\apache-tomcat-9.0.50\webapps\host-manager]을(를) 배치합니다.
27-Jul-2021 10:15:16.361 정보 [main] org.apache.catalina.startup.HostConfig.deployDirectory 웹 애플리케이션 디렉토리 [C:\Users\박북경\Desktop\workspace\AWS\Nil\tomcat\apache-tomcat-9.0.50-windows-x64\apache-tomcat-9.0.50\webapps\host-manager]에 대한 배치가 [66] 밀리초에 완료되었습니다.
27-Jul-2021 10:15:16.365 정보 [main] org.apache.catalina.startup.HostConfig.deployDirectory 웹 애플리케이션 디렉토리 [C:\Users\박북경\Desktop\workspace\AWS\Nil\tomcat\apache-tomcat-9.0.50-windows-x64\apache-tomcat-9.0.50\webapps\manager]을(를) 배치합니다.
27-Jul-2021 10:15:16.449 정보 [main] org.apache.catalina.startup.HostConfig.deployDirectory 웹 애플리케이션 디렉토리 [C:\Users\박북경\Desktop\workspace\AWS\Nil\tomcat\apache-tomcat-9.0.50-windows-x64\apache-tomcat-9.0.50\webapps\manager]에 대한 배치가 [83] 밀리초에 완료되었습니다.
27-Jul-2021 10:15:16.453 정보 [main] org.apache.catalina.startup.HostConfig.deployDirectory 웹 애플리케이션 디렉토리 [C:\Users\박북경\Desktop\workspace\AWS\Nil\tomcat\apache-tomcat-9.0.50-windows-x64\apache-tomcat-9.0.50\webapps\ROOT]을(를) 배치합니다.
27-Jul-2021 10:15:16.521 정보 [main] org.apache.catalina.startup.HostConfig.deployDirectory 웹 애플리케이션 디렉토리 [C:\Users\박북경\Desktop\workspace\AWS\Nil\tomcat\apache-tomcat-9.0.50-windows-x64\apache-tomcat-9.0.50\webapps\ROOT]에 대한 배치가 [69] 밀리초에 완료되었습니다.
27-Jul-2021 10:15:16.529 정보 [main] org.apache.coyote.AbstractProtocol.start 프로토콜 핸들러 ["http-nio-8080"]을(를) 시작합니다.
27-Jul-2021 10:15:16.561 정보 [main] org.apache.catalina.startup.Catalina.start 서버가 [9007] 밀리초 내에 시작되었습니다.
27-Jul-2021 10:17:38.549 정보 [main] org.apache.catalina.core.StandardServer.await 셧다운 포트를 통해 유효한 셧다운 명령을 받았습니다. 서버 인스턴스를 중지시킵니다.
27-Jul-2021 10:17:38.551 정보 [main] org.apache.coyote.AbstractProtocol.pause 프로토콜 핸들러 ["http-nio-8080"]을(를) 일시 정지 중
27-Jul-2021 10:17:39.451 정보 [main] org.apache.catalina.core.StandardService.stopInternal 서비스 [Catalina]을(를) 중지시킵니다.
27-Jul-2021 10:17:39.494 정보 [main] org.apache.coyote.AbstractProtocol.stop 프로토콜 핸들러 ["http-nio-8080"]을(를) 중지시킵니다.
27-Jul-2021 10:17:39.514 정보 [main] org.apache.coyote.AbstractProtocol.destroy 프로토콜 핸들러 ["http-nio-8080"]을(를) 소멸시킵니다.
27-Jul-2021 10:17:45.238 정보 [main] org.apache.catalina.startup.VersionLoggerListener.log 서버 버전 이름:    Apache Tomcat/9.0.50
27-Jul-2021 10:17:45.242 정보 [main] org.apache.catalina.startup.VersionLoggerListener.log Server 빌드 시각:  Jun 28 2021 08:46:44 UTC
27-Jul-2021 10:17:45.242 정보 [main] org.apache.catalina.startup.VersionLoggerListener.log Server 버전 번호:  9.0.50.0
27-Jul-2021 10:17:45.243 정보 [main] org.apache.catalina.startup.VersionLoggerListener.log 운영체제 이름:     Windows 10
27-Jul-2021 10:17:45.243 정보 [main] org.apache.catalina.startup.VersionLoggerListener.log 운영체제 버전:     10.0
27-Jul-2021 10:17:45.243 정보 [main] org.apache.catalina.startup.VersionLoggerListener.log 아키텍처:          amd64
27-Jul-2021 10:17:45.243 정보 [main] org.apache.catalina.startup.VersionLoggerListener.log 자바 홈:           C:\Program Files\Java\jdk1.8.0_291\jre
27-Jul-2021 10:17:45.244 정보 [main] org.apache.catalina.startup.VersionLoggerListener.log JVM 버전:          1.8.0_291-b10
27-Jul-2021 10:17:45.244 정보 [main] org.apache.catalina.startup.VersionLoggerListener.log JVM 벤더:          Oracle Corporation
27-Jul-2021 10:17:45.244 정보 [main] org.apache.catalina.startup.VersionLoggerListener.log CATALINA_BASE:     C:\Users\박북경\Desktop\workspace\AWS\Nil\tomcat\apache-tomcat-9.0.50-windows-x64\apache-tomcat-9.0.50
27-Jul-2021 10:17:45.244 정보 [main] org.apache.catalina.startup.VersionLoggerListener.log CATALINA_HOME:     C:\Users\박북경\Desktop\workspace\AWS\Nil\tomcat\apache-tomcat-9.0.50-windows-x64\apache-tomcat-9.0.50
27-Jul-2021 10:17:45.245 정보 [main] org.apache.catalina.startup.VersionLoggerListener.log 명령 행 아규먼트:  -Djava.util.logging.config.file=C:\Users\박북경\Desktop\workspace\AWS\Nil\tomcat\apache-tomcat-9.0.50-windows-x64\apache-tomcat-9.0.50\conf\logging.properties
27-Jul-2021 10:17:45.245 정보 [main] org.apache.catalina.startup.VersionLoggerListener.log 명령 행 아규먼트:  -Djava.util.logging.manager=org.apache.juli.ClassLoaderLogManager
27-Jul-2021 10:17:45.246 정보 [main] org.apache.catalina.startup.VersionLoggerListener.log 명령 행 아규먼트:  -Djdk.tls.ephemeralDHKeySize=2048
27-Jul-2021 10:17:45.246 정보 [main] org.apache.catalina.startup.VersionLoggerListener.log 명령 행 아규먼트:  -Djava.protocol.handler.pkgs=org.apache.catalina.webresources
27-Jul-2021 10:17:45.246 정보 [main] org.apache.catalina.startup.VersionLoggerListener.log 명령 행 아규먼트:  -Dignore.endorsed.dirs=
27-Jul-2021 10:17:45.247 정보 [main] org.apache.catalina.startup.VersionLoggerListener.log 명령 행 아규먼트:  -Dcatalina.base=C:\Users\박북경\Desktop\workspace\AWS\Nil\tomcat\apache-tomcat-9.0.50-windows-x64\apache-tomcat-9.0.50
27-Jul-2021 10:17:45.247 정보 [main] org.apache.catalina.startup.VersionLoggerListener.log 명령 행 아규먼트:  -Dcatalina.home=C:\Users\박북경\Desktop\workspace\AWS\Nil\tomcat\apache-tomcat-9.0.50-windows-x64\apache-tomcat-9.0.50
27-Jul-2021 10:17:45.247 정보 [main] org.apache.catalina.startup.VersionLoggerListener.log 명령 행 아규먼트:  -Djava.io.tmpdir=C:\Users\박북경\Desktop\workspace\AWS\Nil\tomcat\apache-tomcat-9.0.50-windows-x64\apache-tomcat-9.0.50\temp
27-Jul-2021 10:17:45.252 정보 [main] org.apache.catalina.core.AprLifecycleListener.lifecycleEvent APR 버전 [1.7.0]을(를) 사용한, APR 기반 Apache Tomcat Native 라이브러리 [1.2.30]을(를) 로드했습니다.
27-Jul-2021 10:17:45.253 정보 [main] org.apache.catalina.core.AprLifecycleListener.lifecycleEvent APR 용량정보들: IPv6 [true], sendfile [true], accept filters [false], random [true], UDS [true].
27-Jul-2021 10:17:45.253 정보 [main] org.apache.catalina.core.AprLifecycleListener.lifecycleEvent APR/OpenSSL 설정: useAprConnector [false], useOpenSSL [true]
27-Jul-2021 10:17:45.262 정보 [main] org.apache.catalina.core.AprLifecycleListener.initializeSSL OpenSSL이 성공적으로 초기화되었습니다: [OpenSSL 1.1.1k  25 Mar 2021]
27-Jul-2021 10:17:45.810 정보 [main] org.apache.coyote.AbstractProtocol.init 프로토콜 핸들러 ["http-nio-8080"]을(를) 초기화합니다.
27-Jul-2021 10:17:45.852 정보 [main] org.apache.catalina.startup.Catalina.load [896] 밀리초 내에 서버가 초기화되었습니다.
27-Jul-2021 10:17:45.933 정보 [main] org.apache.catalina.core.StandardService.startInternal 서비스 [Catalina]을(를) 시작합니다.
27-Jul-2021 10:17:45.936 정보 [main] org.apache.catalina.core.StandardEngine.startInternal 서버 엔진을 시작합니다: [Apache Tomcat/9.0.50]
27-Jul-2021 10:17:45.982 정보 [main] org.apache.catalina.startup.HostConfig.deployWAR 웹 애플리케이션 아카이브 [C:\Users\박북경\Desktop\workspace\AWS\Nil\tomcat\apache-tomcat-9.0.50-windows-x64\apache-tomcat-9.0.50\webapps\NilPage-0.0.1-SNAPSHOT.war]을(를) 배치합니다.
27-Jul-2021 10:17:50.588 정보 [main] org.apache.jasper.servlet.TldScanner.scanJars 적어도 하나의 JAR가 TLD들을 찾기 위해 스캔되었으나 아무 것도 찾지 못했습니다. 스캔했으나 TLD가 없는 JAR들의 전체 목록을 보시려면, 로그 레벨을 디버그 레벨로 설정하십시오. 스캔 과정에서 불필요한 JAR들을 건너뛰면, 시스템 시작 시간과 JSP 컴파일 시간을 단축시킬 수 있습니다.
27-Jul-2021 10:17:52.184 경고 [main] org.apache.catalina.util.SessionIdGeneratorBase.createSecureRandom [SHA1PRNG] 알고리즘을 사용하여, 세션 ID를 생성하기 위한 SecureRandom 객체를 생성하는데, [1,292] 밀리초가 소요됐습니다.
27-Jul-2021 10:17:52.224 정보 [main] org.apache.catalina.startup.HostConfig.deployWAR 웹 애플리케이션 아카이브 [C:\Users\박북경\Desktop\workspace\AWS\Nil\tomcat\apache-tomcat-9.0.50-windows-x64\apache-tomcat-9.0.50\webapps\NilPage-0.0.1-SNAPSHOT.war]의 배치가 [6,242] 밀리초에 완료되었습니다.
27-Jul-2021 10:17:52.253 정보 [main] org.apache.catalina.startup.HostConfig.deployDirectory 웹 애플리케이션 디렉토리 [C:\Users\박북경\Desktop\workspace\AWS\Nil\tomcat\apache-tomcat-9.0.50-windows-x64\apache-tomcat-9.0.50\webapps\docs]을(를) 배치합니다.
27-Jul-2021 10:17:52.313 정보 [main] org.apache.catalina.startup.HostConfig.deployDirectory 웹 애플리케이션 디렉토리 [C:\Users\박북경\Desktop\workspace\AWS\Nil\tomcat\apache-tomcat-9.0.50-windows-x64\apache-tomcat-9.0.50\webapps\docs]에 대한 배치가 [60] 밀리초에 완료되었습니다.
27-Jul-2021 10:17:52.326 정보 [main] org.apache.catalina.startup.HostConfig.deployDirectory 웹 애플리케이션 디렉토리 [C:\Users\박북경\Desktop\workspace\AWS\Nil\tomcat\apache-tomcat-9.0.50-windows-x64\apache-tomcat-9.0.50\webapps\examples]을(를) 배치합니다.
27-Jul-2021 10:17:52.960 정보 [main] org.apache.catalina.startup.HostConfig.deployDirectory 웹 애플리케이션 디렉토리 [C:\Users\박북경\Desktop\workspace\AWS\Nil\tomcat\apache-tomcat-9.0.50-windows-x64\apache-tomcat-9.0.50\webapps\examples]에 대한 배치가 [634] 밀리초에 완료되었습니다.
27-Jul-2021 10:17:52.977 정보 [main] org.apache.catalina.startup.HostConfig.deployDirectory 웹 애플리케이션 디렉토리 [C:\Users\박북경\Desktop\workspace\AWS\Nil\tomcat\apache-tomcat-9.0.50-windows-x64\apache-tomcat-9.0.50\webapps\host-manager]을(를) 배치합니다.
27-Jul-2021 10:17:53.048 정보 [main] org.apache.catalina.startup.HostConfig.deployDirectory 웹 애플리케이션 디렉토리 [C:\Users\박북경\Desktop\workspace\AWS\Nil\tomcat\apache-tomcat-9.0.50-windows-x64\apache-tomcat-9.0.50\webapps\host-manager]에 대한 배치가 [71] 밀리초에 완료되었습니다.
27-Jul-2021 10:17:53.066 정보 [main] org.apache.catalina.startup.HostConfig.deployDirectory 웹 애플리케이션 디렉토리 [C:\Users\박북경\Desktop\workspace\AWS\Nil\tomcat\apache-tomcat-9.0.50-windows-x64\apache-tomcat-9.0.50\webapps\manager]을(를) 배치합니다.
27-Jul-2021 10:17:53.154 정보 [main] org.apache.catalina.startup.HostConfig.deployDirectory 웹 애플리케이션 디렉토리 [C:\Users\박북경\Desktop\workspace\AWS\Nil\tomcat\apache-tomcat-9.0.50-windows-x64\apache-tomcat-9.0.50\webapps\manager]에 대한 배치가 [87] 밀리초에 완료되었습니다.
27-Jul-2021 10:17:53.159 정보 [main] org.apache.catalina.startup.HostConfig.deployDirectory 웹 애플리케이션 디렉토리 [C:\Users\박북경\Desktop\workspace\AWS\Nil\tomcat\apache-tomcat-9.0.50-windows-x64\apache-tomcat-9.0.50\webapps\ROOT]을(를) 배치합니다.
27-Jul-2021 10:17:53.230 정보 [main] org.apache.catalina.startup.HostConfig.deployDirectory 웹 애플리케이션 디렉토리 [C:\Users\박북경\Desktop\workspace\AWS\Nil\tomcat\apache-tomcat-9.0.50-windows-x64\apache-tomcat-9.0.50\webapps\ROOT]에 대한 배치가 [71] 밀리초에 완료되었습니다.
27-Jul-2021 10:17:53.254 정보 [main] org.apache.coyote.AbstractProtocol.start 프로토콜 핸들러 ["http-nio-8080"]을(를) 시작합니다.
27-Jul-2021 10:17:53.288 정보 [main] org.apache.catalina.startup.Catalina.start 서버가 [7415] 밀리초 내에 시작되었습니다.
27-Jul-2021 10:20:00.546 정보 [main] org.apache.catalina.core.StandardServer.await 셧다운 포트를 통해 유효한 셧다운 명령을 받았습니다. 서버 인스턴스를 중지시킵니다.
27-Jul-2021 10:20:37.016 정보 [main] org.apache.catalina.startup.VersionLoggerListener.log 서버 버전 이름:    Apache Tomcat/9.0.50
27-Jul-2021 10:20:37.020 정보 [main] org.apache.catalina.startup.VersionLoggerListener.log Server 빌드 시각:  Jun 28 2021 08:46:44 UTC
27-Jul-2021 10:20:37.020 정보 [main] org.apache.catalina.startup.VersionLoggerListener.log Server 버전 번호:  9.0.50.0
27-Jul-2021 10:20:37.020 정보 [main] org.apache.catalina.startup.VersionLoggerListener.log 운영체제 이름:     Windows 10
27-Jul-2021 10:20:37.021 정보 [main] org.apache.catalina.startup.VersionLoggerListener.log 운영체제 버전:     10.0
27-Jul-2021 10:20:37.021 정보 [main] org.apache.catalina.startup.VersionLoggerListener.log 아키텍처:          amd64
27-Jul-2021 10:20:37.021 정보 [main] org.apache.catalina.startup.VersionLoggerListener.log 자바 홈:           C:\Program Files\Java\jdk1.8.0_291\jre
27-Jul-2021 10:20:37.021 정보 [main] org.apache.catalina.startup.VersionLoggerListener.log JVM 버전:          1.8.0_291-b10
27-Jul-2021 10:20:37.022 정보 [main] org.apache.catalina.startup.VersionLoggerListener.log JVM 벤더:          Oracle Corporation
27-Jul-2021 10:20:37.022 정보 [main] org.apache.catalina.startup.VersionLoggerListener.log CATALINA_BASE:     C:\Users\박북경\Desktop\workspace\AWS\Nil\tomcat\apache-tomcat-9.0.50-windows-x64\apache-tomcat-9.0.50
27-Jul-2021 10:20:37.022 정보 [main] org.apache.catalina.startup.VersionLoggerListener.log CATALINA_HOME:     C:\Users\박북경\Desktop\workspace\AWS\Nil\tomcat\apache-tomcat-9.0.50-windows-x64\apache-tomcat-9.0.50
27-Jul-2021 10:20:37.023 정보 [main] org.apache.catalina.startup.VersionLoggerListener.log 명령 행 아규먼트:  -Djava.util.logging.config.file=C:\Users\박북경\Desktop\workspace\AWS\Nil\tomcat\apache-tomcat-9.0.50-windows-x64\apache-tomcat-9.0.50\conf\logging.properties
27-Jul-2021 10:20:37.023 정보 [main] org.apache.catalina.startup.VersionLoggerListener.log 명령 행 아규먼트:  -Djava.util.logging.manager=org.apache.juli.ClassLoaderLogManager
27-Jul-2021 10:20:37.024 정보 [main] org.apache.catalina.startup.VersionLoggerListener.log 명령 행 아규먼트:  -Djdk.tls.ephemeralDHKeySize=2048
27-Jul-2021 10:20:37.024 정보 [main] org.apache.catalina.startup.VersionLoggerListener.log 명령 행 아규먼트:  -Djava.protocol.handler.pkgs=org.apache.catalina.webresources
27-Jul-2021 10:20:37.025 정보 [main] org.apache.catalina.startup.VersionLoggerListener.log 명령 행 아규먼트:  -Dignore.endorsed.dirs=
27-Jul-2021 10:20:37.025 정보 [main] org.apache.catalina.startup.VersionLoggerListener.log 명령 행 아규먼트:  -Dcatalina.base=C:\Users\박북경\Desktop\workspace\AWS\Nil\tomcat\apache-tomcat-9.0.50-windows-x64\apache-tomcat-9.0.50
27-Jul-2021 10:20:37.025 정보 [main] org.apache.catalina.startup.VersionLoggerListener.log 명령 행 아규먼트:  -Dcatalina.home=C:\Users\박북경\Desktop\workspace\AWS\Nil\tomcat\apache-tomcat-9.0.50-windows-x64\apache-tomcat-9.0.50
27-Jul-2021 10:20:37.026 정보 [main] org.apache.catalina.startup.VersionLoggerListener.log 명령 행 아규먼트:  -Djava.io.tmpdir=C:\Users\박북경\Desktop\workspace\AWS\Nil\tomcat\apache-tomcat-9.0.50-windows-x64\apache-tomcat-9.0.50\temp
27-Jul-2021 10:20:37.032 정보 [main] org.apache.catalina.core.AprLifecycleListener.lifecycleEvent APR 버전 [1.7.0]을(를) 사용한, APR 기반 Apache Tomcat Native 라이브러리 [1.2.30]을(를) 로드했습니다.
27-Jul-2021 10:20:37.032 정보 [main] org.apache.catalina.core.AprLifecycleListener.lifecycleEvent APR 용량정보들: IPv6 [true], sendfile [true], accept filters [false], random [true], UDS [true].
27-Jul-2021 10:20:37.033 정보 [main] org.apache.catalina.core.AprLifecycleListener.lifecycleEvent APR/OpenSSL 설정: useAprConnector [false], useOpenSSL [true]
27-Jul-2021 10:20:37.046 정보 [main] org.apache.catalina.core.AprLifecycleListener.initializeSSL OpenSSL이 성공적으로 초기화되었습니다: [OpenSSL 1.1.1k  25 Mar 2021]
27-Jul-2021 10:20:37.623 정보 [main] org.apache.coyote.AbstractProtocol.init 프로토콜 핸들러 ["http-nio-8080"]을(를) 초기화합니다.
27-Jul-2021 10:20:37.669 정보 [main] org.apache.catalina.startup.Catalina.load [931] 밀리초 내에 서버가 초기화되었습니다.
27-Jul-2021 10:20:37.744 정보 [main] org.apache.catalina.core.StandardService.startInternal 서비스 [Catalina]을(를) 시작합니다.
27-Jul-2021 10:20:37.747 정보 [main] org.apache.catalina.core.StandardEngine.startInternal 서버 엔진을 시작합니다: [Apache Tomcat/9.0.50]
27-Jul-2021 10:20:37.783 정보 [main] org.apache.catalina.startup.HostConfig.deployWAR 웹 애플리케이션 아카이브 [C:\Users\박북경\Desktop\workspace\AWS\Nil\tomcat\apache-tomcat-9.0.50-windows-x64\apache-tomcat-9.0.50\webapps\NilPage-0.0.1-SNAPSHOT.war]을(를) 배치합니다.
27-Jul-2021 10:20:42.070 정보 [main] org.apache.jasper.servlet.TldScanner.scanJars 적어도 하나의 JAR가 TLD들을 찾기 위해 스캔되었으나 아무 것도 찾지 못했습니다. 스캔했으나 TLD가 없는 JAR들의 전체 목록을 보시려면, 로그 레벨을 디버그 레벨로 설정하십시오. 스캔 과정에서 불필요한 JAR들을 건너뛰면, 시스템 시작 시간과 JSP 컴파일 시간을 단축시킬 수 있습니다.
27-Jul-2021 10:20:43.541 경고 [main] org.apache.catalina.util.SessionIdGeneratorBase.createSecureRandom [SHA1PRNG] 알고리즘을 사용하여, 세션 ID를 생성하기 위한 SecureRandom 객체를 생성하는데, [1,163] 밀리초가 소요됐습니다.
27-Jul-2021 10:20:43.573 정보 [main] org.apache.catalina.startup.HostConfig.deployWAR 웹 애플리케이션 아카이브 [C:\Users\박북경\Desktop\workspace\AWS\Nil\tomcat\apache-tomcat-9.0.50-windows-x64\apache-tomcat-9.0.50\webapps\NilPage-0.0.1-SNAPSHOT.war]의 배치가 [5,790] 밀리초에 완료되었습니다.
27-Jul-2021 10:20:43.591 정보 [main] org.apache.catalina.startup.HostConfig.deployDirectory 웹 애플리케이션 디렉토리 [C:\Users\박북경\Desktop\workspace\AWS\Nil\tomcat\apache-tomcat-9.0.50-windows-x64\apache-tomcat-9.0.50\webapps\docs]을(를) 배치합니다.
27-Jul-2021 10:20:43.649 정보 [main] org.apache.catalina.startup.HostConfig.deployDirectory 웹 애플리케이션 디렉토리 [C:\Users\박북경\Desktop\workspace\AWS\Nil\tomcat\apache-tomcat-9.0.50-windows-x64\apache-tomcat-9.0.50\webapps\docs]에 대한 배치가 [58] 밀리초에 완료되었습니다.
27-Jul-2021 10:20:43.653 정보 [main] org.apache.catalina.startup.HostConfig.deployDirectory 웹 애플리케이션 디렉토리 [C:\Users\박북경\Desktop\workspace\AWS\Nil\tomcat\apache-tomcat-9.0.50-windows-x64\apache-tomcat-9.0.50\webapps\examples]을(를) 배치합니다.
27-Jul-2021 10:20:44.254 정보 [main] org.apache.catalina.startup.HostConfig.deployDirectory 웹 애플리케이션 디렉토리 [C:\Users\박북경\Desktop\workspace\AWS\Nil\tomcat\apache-tomcat-9.0.50-windows-x64\apache-tomcat-9.0.50\webapps\examples]에 대한 배치가 [601] 밀리초에 완료되었습니다.
27-Jul-2021 10:20:44.271 정보 [main] org.apache.catalina.startup.HostConfig.deployDirectory 웹 애플리케이션 디렉토리 [C:\Users\박북경\Desktop\workspace\AWS\Nil\tomcat\apache-tomcat-9.0.50-windows-x64\apache-tomcat-9.0.50\webapps\host-manager]을(를) 배치합니다.
27-Jul-2021 10:20:44.355 정보 [main] org.apache.catalina.startup.HostConfig.deployDirectory 웹 애플리케이션 디렉토리 [C:\Users\박북경\Desktop\workspace\AWS\Nil\tomcat\apache-tomcat-9.0.50-windows-x64\apache-tomcat-9.0.50\webapps\host-manager]에 대한 배치가 [84] 밀리초에 완료되었습니다.
27-Jul-2021 10:20:44.369 정보 [main] org.apache.catalina.startup.HostConfig.deployDirectory 웹 애플리케이션 디렉토리 [C:\Users\박북경\Desktop\workspace\AWS\Nil\tomcat\apache-tomcat-9.0.50-windows-x64\apache-tomcat-9.0.50\webapps\manager]을(를) 배치합니다.
27-Jul-2021 10:20:44.452 정보 [main] org.apache.catalina.startup.HostConfig.deployDirectory 웹 애플리케이션 디렉토리 [C:\Users\박북경\Desktop\workspace\AWS\Nil\tomcat\apache-tomcat-9.0.50-windows-x64\apache-tomcat-9.0.50\webapps\manager]에 대한 배치가 [83] 밀리초에 완료되었습니다.
27-Jul-2021 10:20:44.470 정보 [main] org.apache.catalina.startup.HostConfig.deployDirectory 웹 애플리케이션 디렉토리 [C:\Users\박북경\Desktop\workspace\AWS\Nil\tomcat\apache-tomcat-9.0.50-windows-x64\apache-tomcat-9.0.50\webapps\ROOT]을(를) 배치합니다.
27-Jul-2021 10:20:44.528 정보 [main] org.apache.catalina.startup.HostConfig.deployDirectory 웹 애플리케이션 디렉토리 [C:\Users\박북경\Desktop\workspace\AWS\Nil\tomcat\apache-tomcat-9.0.50-windows-x64\apache-tomcat-9.0.50\webapps\ROOT]에 대한 배치가 [57] 밀리초에 완료되었습니다.
27-Jul-2021 10:20:44.554 정보 [main] org.apache.coyote.AbstractProtocol.start 프로토콜 핸들러 ["http-nio-8080"]을(를) 시작합니다.
27-Jul-2021 10:20:44.603 정보 [main] org.apache.catalina.startup.Catalina.start 서버가 [6913] 밀리초 내에 시작되었습니다.
27-Jul-2021 10:21:06.643 정보 [main] org.apache.catalina.core.StandardServer.await 셧다운 포트를 통해 유효한 셧다운 명령을 받았습니다. 서버 인스턴스를 중지시킵니다.
27-Jul-2021 10:21:06.655 정보 [main] org.apache.coyote.AbstractProtocol.pause 프로토콜 핸들러 ["http-nio-8080"]을(를) 일시 정지 중
27-Jul-2021 10:21:07.628 정보 [main] org.apache.catalina.core.StandardService.stopInternal 서비스 [Catalina]을(를) 중지시킵니다.
27-Jul-2021 10:21:07.684 정보 [main] org.apache.coyote.AbstractProtocol.stop 프로토콜 핸들러 ["http-nio-8080"]을(를) 중지시킵니다.
27-Jul-2021 10:21:07.742 정보 [main] org.apache.coyote.AbstractProtocol.destroy 프로토콜 핸들러 ["http-nio-8080"]을(를) 소멸시킵니다.
27-Jul-2021 10:21:52.830 정보 [main] org.apache.catalina.startup.VersionLoggerListener.log 서버 버전 이름:    Apache Tomcat/9.0.50
27-Jul-2021 10:21:52.834 정보 [main] org.apache.catalina.startup.VersionLoggerListener.log Server 빌드 시각:  Jun 28 2021 08:46:44 UTC
27-Jul-2021 10:21:52.835 정보 [main] org.apache.catalina.startup.VersionLoggerListener.log Server 버전 번호:  9.0.50.0
27-Jul-2021 10:21:52.835 정보 [main] org.apache.catalina.startup.VersionLoggerListener.log 운영체제 이름:     Windows 10
27-Jul-2021 10:21:52.835 정보 [main] org.apache.catalina.startup.VersionLoggerListener.log 운영체제 버전:     10.0
27-Jul-2021 10:21:52.836 정보 [main] org.apache.catalina.startup.VersionLoggerListener.log 아키텍처:          amd64
27-Jul-2021 10:21:52.836 정보 [main] org.apache.catalina.startup.VersionLoggerListener.log 자바 홈:           C:\Program Files\Java\jdk1.8.0_291\jre
27-Jul-2021 10:21:52.837 정보 [main] org.apache.catalina.startup.VersionLoggerListener.log JVM 버전:          1.8.0_291-b10
27-Jul-2021 10:21:52.837 정보 [main] org.apache.catalina.startup.VersionLoggerListener.log JVM 벤더:          Oracle Corporation
27-Jul-2021 10:21:52.837 정보 [main] org.apache.catalina.startup.VersionLoggerListener.log CATALINA_BASE:     C:\Users\박북경\Desktop\workspace\AWS\Nil\tomcat\apache-tomcat-9.0.50-windows-x64\apache-tomcat-9.0.50
27-Jul-2021 10:21:52.837 정보 [main] org.apache.catalina.startup.VersionLoggerListener.log CATALINA_HOME:     C:\Users\박북경\Desktop\workspace\AWS\Nil\tomcat\apache-tomcat-9.0.50-windows-x64\apache-tomcat-9.0.50
27-Jul-2021 10:21:52.838 정보 [main] org.apache.catalina.startup.VersionLoggerListener.log 명령 행 아규먼트:  -Djava.util.logging.config.file=C:\Users\박북경\Desktop\workspace\AWS\Nil\tomcat\apache-tomcat-9.0.50-windows-x64\apache-tomcat-9.0.50\conf\logging.properties
27-Jul-2021 10:21:52.839 정보 [main] org.apache.catalina.startup.VersionLoggerListener.log 명령 행 아규먼트:  -Djava.util.logging.manager=org.apache.juli.ClassLoaderLogManager
27-Jul-2021 10:21:52.839 정보 [main] org.apache.catalina.startup.VersionLoggerListener.log 명령 행 아규먼트:  -Djdk.tls.ephemeralDHKeySize=2048
27-Jul-2021 10:21:52.839 정보 [main] org.apache.catalina.startup.VersionLoggerListener.log 명령 행 아규먼트:  -Djava.protocol.handler.pkgs=org.apache.catalina.webresources
27-Jul-2021 10:21:52.839 정보 [main] org.apache.catalina.startup.VersionLoggerListener.log 명령 행 아규먼트:  -Dignore.endorsed.dirs=
27-Jul-2021 10:21:52.839 정보 [main] org.apache.catalina.startup.VersionLoggerListener.log 명령 행 아규먼트:  -Dcatalina.base=C:\Users\박북경\Desktop\workspace\AWS\Nil\tomcat\apache-tomcat-9.0.50-windows-x64\apache-tomcat-9.0.50
27-Jul-2021 10:21:52.841 정보 [main] org.apache.catalina.startup.VersionLoggerListener.log 명령 행 아규먼트:  -Dcatalina.home=C:\Users\박북경\Desktop\workspace\AWS\Nil\tomcat\apache-tomcat-9.0.50-windows-x64\apache-tomcat-9.0.50
27-Jul-2021 10:21:52.842 정보 [main] org.apache.catalina.startup.VersionLoggerListener.log 명령 행 아규먼트:  -Djava.io.tmpdir=C:\Users\박북경\Desktop\workspace\AWS\Nil\tomcat\apache-tomcat-9.0.50-windows-x64\apache-tomcat-9.0.50\temp
27-Jul-2021 10:21:52.848 정보 [main] org.apache.catalina.core.AprLifecycleListener.lifecycleEvent APR 버전 [1.7.0]을(를) 사용한, APR 기반 Apache Tomcat Native 라이브러리 [1.2.30]을(를) 로드했습니다.
27-Jul-2021 10:21:52.851 정보 [main] org.apache.catalina.core.AprLifecycleListener.lifecycleEvent APR 용량정보들: IPv6 [true], sendfile [true], accept filters [false], random [true], UDS [true].
27-Jul-2021 10:21:52.852 정보 [main] org.apache.catalina.core.AprLifecycleListener.lifecycleEvent APR/OpenSSL 설정: useAprConnector [false], useOpenSSL [true]
27-Jul-2021 10:21:52.865 정보 [main] org.apache.catalina.core.AprLifecycleListener.initializeSSL OpenSSL이 성공적으로 초기화되었습니다: [OpenSSL 1.1.1k  25 Mar 2021]
27-Jul-2021 10:21:53.387 정보 [main] org.apache.coyote.AbstractProtocol.init 프로토콜 핸들러 ["http-nio-8080"]을(를) 초기화합니다.
27-Jul-2021 10:21:53.430 정보 [main] org.apache.catalina.startup.Catalina.load [906] 밀리초 내에 서버가 초기화되었습니다.
27-Jul-2021 10:21:53.488 정보 [main] org.apache.catalina.core.StandardService.startInternal 서비스 [Catalina]을(를) 시작합니다.
27-Jul-2021 10:21:53.492 정보 [main] org.apache.catalina.core.StandardEngine.startInternal 서버 엔진을 시작합니다: [Apache Tomcat/9.0.50]
27-Jul-2021 10:21:53.538 정보 [main] org.apache.catalina.startup.HostConfig.deployWAR 웹 애플리케이션 아카이브 [C:\Users\박북경\Desktop\workspace\AWS\Nil\tomcat\apache-tomcat-9.0.50-windows-x64\apache-tomcat-9.0.50\webapps\NilPage-0.0.1-SNAPSHOT.war]을(를) 배치합니다.
27-Jul-2021 10:21:57.807 정보 [main] org.apache.jasper.servlet.TldScanner.scanJars 적어도 하나의 JAR가 TLD들을 찾기 위해 스캔되었으나 아무 것도 찾지 못했습니다. 스캔했으나 TLD가 없는 JAR들의 전체 목록을 보시려면, 로그 레벨을 디버그 레벨로 설정하십시오. 스캔 과정에서 불필요한 JAR들을 건너뛰면, 시스템 시작 시간과 JSP 컴파일 시간을 단축시킬 수 있습니다.
27-Jul-2021 10:21:59.242 경고 [main] org.apache.catalina.util.SessionIdGeneratorBase.createSecureRandom [SHA1PRNG] 알고리즘을 사용하여, 세션 ID를 생성하기 위한 SecureRandom 객체를 생성하는데, [1,144] 밀리초가 소요됐습니다.
27-Jul-2021 10:21:59.276 정보 [main] org.apache.catalina.startup.HostConfig.deployWAR 웹 애플리케이션 아카이브 [C:\Users\박북경\Desktop\workspace\AWS\Nil\tomcat\apache-tomcat-9.0.50-windows-x64\apache-tomcat-9.0.50\webapps\NilPage-0.0.1-SNAPSHOT.war]의 배치가 [5,738] 밀리초에 완료되었습니다.
27-Jul-2021 10:21:59.295 정보 [main] org.apache.catalina.startup.HostConfig.deployDirectory 웹 애플리케이션 디렉토리 [C:\Users\박북경\Desktop\workspace\AWS\Nil\tomcat\apache-tomcat-9.0.50-windows-x64\apache-tomcat-9.0.50\webapps\docs]을(를) 배치합니다.
27-Jul-2021 10:21:59.359 정보 [main] org.apache.catalina.startup.HostConfig.deployDirectory 웹 애플리케이션 디렉토리 [C:\Users\박북경\Desktop\workspace\AWS\Nil\tomcat\apache-tomcat-9.0.50-windows-x64\apache-tomcat-9.0.50\webapps\docs]에 대한 배치가 [64] 밀리초에 완료되었습니다.
27-Jul-2021 10:21:59.363 정보 [main] org.apache.catalina.startup.HostConfig.deployDirectory 웹 애플리케이션 디렉토리 [C:\Users\박북경\Desktop\workspace\AWS\Nil\tomcat\apache-tomcat-9.0.50-windows-x64\apache-tomcat-9.0.50\webapps\examples]을(를) 배치합니다.
27-Jul-2021 10:21:59.929 정보 [main] org.apache.catalina.startup.HostConfig.deployDirectory 웹 애플리케이션 디렉토리 [C:\Users\박북경\Desktop\workspace\AWS\Nil\tomcat\apache-tomcat-9.0.50-windows-x64\apache-tomcat-9.0.50\webapps\examples]에 대한 배치가 [566] 밀리초에 완료되었습니다.
27-Jul-2021 10:21:59.945 정보 [main] org.apache.catalina.startup.HostConfig.deployDirectory 웹 애플리케이션 디렉토리 [C:\Users\박북경\Desktop\workspace\AWS\Nil\tomcat\apache-tomcat-9.0.50-windows-x64\apache-tomcat-9.0.50\webapps\host-manager]을(를) 배치합니다.
27-Jul-2021 10:22:00.020 정보 [main] org.apache.catalina.startup.HostConfig.deployDirectory 웹 애플리케이션 디렉토리 [C:\Users\박북경\Desktop\workspace\AWS\Nil\tomcat\apache-tomcat-9.0.50-windows-x64\apache-tomcat-9.0.50\webapps\host-manager]에 대한 배치가 [75] 밀리초에 완료되었습니다.
27-Jul-2021 10:22:00.037 정보 [main] org.apache.catalina.startup.HostConfig.deployDirectory 웹 애플리케이션 디렉토리 [C:\Users\박북경\Desktop\workspace\AWS\Nil\tomcat\apache-tomcat-9.0.50-windows-x64\apache-tomcat-9.0.50\webapps\manager]을(를) 배치합니다.
27-Jul-2021 10:22:00.100 정보 [main] org.apache.catalina.startup.HostConfig.deployDirectory 웹 애플리케이션 디렉토리 [C:\Users\박북경\Desktop\workspace\AWS\Nil\tomcat\apache-tomcat-9.0.50-windows-x64\apache-tomcat-9.0.50\webapps\manager]에 대한 배치가 [63] 밀리초에 완료되었습니다.
27-Jul-2021 10:22:00.105 정보 [main] org.apache.catalina.startup.HostConfig.deployDirectory 웹 애플리케이션 디렉토리 [C:\Users\박북경\Desktop\workspace\AWS\Nil\tomcat\apache-tomcat-9.0.50-windows-x64\apache-tomcat-9.0.50\webapps\ROOT]을(를) 배치합니다.
27-Jul-2021 10:22:00.166 정보 [main] org.apache.catalina.startup.HostConfig.deployDirectory 웹 애플리케이션 디렉토리 [C:\Users\박북경\Desktop\workspace\AWS\Nil\tomcat\apache-tomcat-9.0.50-windows-x64\apache-tomcat-9.0.50\webapps\ROOT]에 대한 배치가 [61] 밀리초에 완료되었습니다.
27-Jul-2021 10:22:00.175 정보 [main] org.apache.coyote.AbstractProtocol.start 프로토콜 핸들러 ["http-nio-8080"]을(를) 시작합니다.
27-Jul-2021 10:22:00.209 정보 [main] org.apache.catalina.startup.Catalina.start 서버가 [6776] 밀리초 내에 시작되었습니다.
27-Jul-2021 10:22:12.482 정보 [main] org.apache.catalina.core.StandardServer.await 셧다운 포트를 통해 유효한 셧다운 명령을 받았습니다. 서버 인스턴스를 중지시킵니다.
27-Jul-2021 10:22:12.497 정보 [main] org.apache.coyote.AbstractProtocol.pause 프로토콜 핸들러 ["http-nio-8080"]을(를) 일시 정지 중
27-Jul-2021 10:22:13.357 정보 [main] org.apache.catalina.core.StandardService.stopInternal 서비스 [Catalina]을(를) 중지시킵니다.
27-Jul-2021 10:22:13.400 정보 [main] org.apache.coyote.AbstractProtocol.stop 프로토콜 핸들러 ["http-nio-8080"]을(를) 중지시킵니다.
27-Jul-2021 10:22:13.465 정보 [main] org.apache.coyote.AbstractProtocol.destroy 프로토콜 핸들러 ["http-nio-8080"]을(를) 소멸시킵니다.
27-Jul-2021 10:27:20.133 정보 [main] org.apache.catalina.startup.VersionLoggerListener.log 서버 버전 이름:    Apache Tomcat/9.0.50
27-Jul-2021 10:27:20.137 정보 [main] org.apache.catalina.startup.VersionLoggerListener.log Server 빌드 시각:  Jun 28 2021 08:46:44 UTC
27-Jul-2021 10:27:20.138 정보 [main] org.apache.catalina.startup.VersionLoggerListener.log Server 버전 번호:  9.0.50.0
27-Jul-2021 10:27:20.138 정보 [main] org.apache.catalina.startup.VersionLoggerListener.log 운영체제 이름:     Windows 10
27-Jul-2021 10:27:20.138 정보 [main] org.apache.catalina.startup.VersionLoggerListener.log 운영체제 버전:     10.0
27-Jul-2021 10:27:20.139 정보 [main] org.apache.catalina.startup.VersionLoggerListener.log 아키텍처:          amd64
27-Jul-2021 10:27:20.139 정보 [main] org.apache.catalina.startup.VersionLoggerListener.log 자바 홈:           C:\Program Files\Java\jdk1.8.0_291\jre
27-Jul-2021 10:27:20.140 정보 [main] org.apache.catalina.startup.VersionLoggerListener.log JVM 버전:          1.8.0_291-b10
27-Jul-2021 10:27:20.140 정보 [main] org.apache.catalina.startup.VersionLoggerListener.log JVM 벤더:          Oracle Corporation
27-Jul-2021 10:27:20.141 정보 [main] org.apache.catalina.startup.VersionLoggerListener.log CATALINA_BASE:     C:\Users\박북경\Desktop\workspace\AWS\Nil\tomcat\apache-tomcat-9.0.50-windows-x64\apache-tomcat-9.0.50
27-Jul-2021 10:27:20.141 정보 [main] org.apache.catalina.startup.VersionLoggerListener.log CATALINA_HOME:     C:\Users\박북경\Desktop\workspace\AWS\Nil\tomcat\apache-tomcat-9.0.50-windows-x64\apache-tomcat-9.0.50
27-Jul-2021 10:27:20.142 정보 [main] org.apache.catalina.startup.VersionLoggerListener.log 명령 행 아규먼트:  -Djava.util.logging.config.file=C:\Users\박북경\Desktop\workspace\AWS\Nil\tomcat\apache-tomcat-9.0.50-windows-x64\apache-tomcat-9.0.50\conf\logging.properties
27-Jul-2021 10:27:20.143 정보 [main] org.apache.catalina.startup.VersionLoggerListener.log 명령 행 아규먼트:  -Djava.util.logging.manager=org.apache.juli.ClassLoaderLogManager
27-Jul-2021 10:27:20.143 정보 [main] org.apache.catalina.startup.VersionLoggerListener.log 명령 행 아규먼트:  -Dfile.encoding=utf-8
27-Jul-2021 10:27:20.143 정보 [main] org.apache.catalina.startup.VersionLoggerListener.log 명령 행 아규먼트:  -Djdk.tls.ephemeralDHKeySize=2048
27-Jul-2021 10:27:20.145 정보 [main] org.apache.catalina.startup.VersionLoggerListener.log 명령 행 아규먼트:  -Djava.protocol.handler.pkgs=org.apache.catalina.webresources
27-Jul-2021 10:27:20.145 정보 [main] org.apache.catalina.startup.VersionLoggerListener.log 명령 행 아규먼트:  -Dignore.endorsed.dirs=
27-Jul-2021 10:27:20.146 정보 [main] org.apache.catalina.startup.VersionLoggerListener.log 명령 행 아규먼트:  -Dcatalina.base=C:\Users\박북경\Desktop\workspace\AWS\Nil\tomcat\apache-tomcat-9.0.50-windows-x64\apache-tomcat-9.0.50
27-Jul-2021 10:27:20.146 정보 [main] org.apache.catalina.startup.VersionLoggerListener.log 명령 행 아규먼트:  -Dcatalina.home=C:\Users\박북경\Desktop\workspace\AWS\Nil\tomcat\apache-tomcat-9.0.50-windows-x64\apache-tomcat-9.0.50
27-Jul-2021 10:27:20.146 정보 [main] org.apache.catalina.startup.VersionLoggerListener.log 명령 행 아규먼트:  -Djava.io.tmpdir=C:\Users\박북경\Desktop\workspace\AWS\Nil\tomcat\apache-tomcat-9.0.50-windows-x64\apache-tomcat-9.0.50\temp
27-Jul-2021 10:27:20.152 정보 [main] org.apache.catalina.core.AprLifecycleListener.lifecycleEvent APR 버전 [1.7.0]을(를) 사용한, APR 기반 Apache Tomcat Native 라이브러리 [1.2.30]을(를) 로드했습니다.
27-Jul-2021 10:27:20.156 정보 [main] org.apache.catalina.core.AprLifecycleListener.lifecycleEvent APR 용량정보들: IPv6 [true], sendfile [true], accept filters [false], random [true], UDS [true].
27-Jul-2021 10:27:20.160 정보 [main] org.apache.catalina.core.AprLifecycleListener.lifecycleEvent APR/OpenSSL 설정: useAprConnector [false], useOpenSSL [true]
27-Jul-2021 10:27:20.170 정보 [main] org.apache.catalina.core.AprLifecycleListener.initializeSSL OpenSSL이 성공적으로 초기화되었습니다: [OpenSSL 1.1.1k  25 Mar 2021]
27-Jul-2021 10:27:20.713 정보 [main] org.apache.coyote.AbstractProtocol.init 프로토콜 핸들러 ["http-nio-8080"]을(를) 초기화합니다.
27-Jul-2021 10:27:20.757 정보 [main] org.apache.catalina.startup.Catalina.load [908] 밀리초 내에 서버가 초기화되었습니다.
27-Jul-2021 10:27:20.813 정보 [main] org.apache.catalina.core.StandardService.startInternal 서비스 [Catalina]을(를) 시작합니다.
27-Jul-2021 10:27:20.816 정보 [main] org.apache.catalina.core.StandardEngine.startInternal 서버 엔진을 시작합니다: [Apache Tomcat/9.0.50]
27-Jul-2021 10:27:20.854 정보 [main] org.apache.catalina.startup.HostConfig.deployWAR 웹 애플리케이션 아카이브 [C:\Users\박북경\Desktop\workspace\AWS\Nil\tomcat\apache-tomcat-9.0.50-windows-x64\apache-tomcat-9.0.50\webapps\NilPage-0.0.1-SNAPSHOT.war]을(를) 배치합니다.
27-Jul-2021 10:27:25.040 정보 [main] org.apache.jasper.servlet.TldScanner.scanJars 적어도 하나의 JAR가 TLD들을 찾기 위해 스캔되었으나 아무 것도 찾지 못했습니다. 스캔했으나 TLD가 없는 JAR들의 전체 목록을 보시려면, 로그 레벨을 디버그 레벨로 설정하십시오. 스캔 과정에서 불필요한 JAR들을 건너뛰면, 시스템 시작 시간과 JSP 컴파일 시간을 단축시킬 수 있습니다.
27-Jul-2021 10:27:26.555 경고 [main] org.apache.catalina.util.SessionIdGeneratorBase.createSecureRandom [SHA1PRNG] 알고리즘을 사용하여, 세션 ID를 생성하기 위한 SecureRandom 객체를 생성하는데, [1,221] 밀리초가 소요됐습니다.
27-Jul-2021 10:27:26.614 정보 [main] org.apache.catalina.startup.HostConfig.deployWAR 웹 애플리케이션 아카이브 [C:\Users\박북경\Desktop\workspace\AWS\Nil\tomcat\apache-tomcat-9.0.50-windows-x64\apache-tomcat-9.0.50\webapps\NilPage-0.0.1-SNAPSHOT.war]의 배치가 [5,760] 밀리초에 완료되었습니다.
27-Jul-2021 10:27:26.618 정보 [main] org.apache.catalina.startup.HostConfig.deployDirectory 웹 애플리케이션 디렉토리 [C:\Users\박북경\Desktop\workspace\AWS\Nil\tomcat\apache-tomcat-9.0.50-windows-x64\apache-tomcat-9.0.50\webapps\docs]을(를) 배치합니다.
27-Jul-2021 10:27:26.673 정보 [main] org.apache.catalina.startup.HostConfig.deployDirectory 웹 애플리케이션 디렉토리 [C:\Users\박북경\Desktop\workspace\AWS\Nil\tomcat\apache-tomcat-9.0.50-windows-x64\apache-tomcat-9.0.50\webapps\docs]에 대한 배치가 [55] 밀리초에 완료되었습니다.
27-Jul-2021 10:27:26.676 정보 [main] org.apache.catalina.startup.HostConfig.deployDirectory 웹 애플리케이션 디렉토리 [C:\Users\박북경\Desktop\workspace\AWS\Nil\tomcat\apache-tomcat-9.0.50-windows-x64\apache-tomcat-9.0.50\webapps\examples]을(를) 배치합니다.
27-Jul-2021 10:27:27.276 정보 [main] org.apache.catalina.startup.HostConfig.deployDirectory 웹 애플리케이션 디렉토리 [C:\Users\박북경\Desktop\workspace\AWS\Nil\tomcat\apache-tomcat-9.0.50-windows-x64\apache-tomcat-9.0.50\webapps\examples]에 대한 배치가 [599] 밀리초에 완료되었습니다.
27-Jul-2021 10:27:27.279 정보 [main] org.apache.catalina.startup.HostConfig.deployDirectory 웹 애플리케이션 디렉토리 [C:\Users\박북경\Desktop\workspace\AWS\Nil\tomcat\apache-tomcat-9.0.50-windows-x64\apache-tomcat-9.0.50\webapps\host-manager]을(를) 배치합니다.
27-Jul-2021 10:27:27.361 정보 [main] org.apache.catalina.startup.HostConfig.deployDirectory 웹 애플리케이션 디렉토리 [C:\Users\박북경\Desktop\workspace\AWS\Nil\tomcat\apache-tomcat-9.0.50-windows-x64\apache-tomcat-9.0.50\webapps\host-manager]에 대한 배치가 [82] 밀리초에 완료되었습니다.
27-Jul-2021 10:27:27.379 정보 [main] org.apache.catalina.startup.HostConfig.deployDirectory 웹 애플리케이션 디렉토리 [C:\Users\박북경\Desktop\workspace\AWS\Nil\tomcat\apache-tomcat-9.0.50-windows-x64\apache-tomcat-9.0.50\webapps\manager]을(를) 배치합니다.
27-Jul-2021 10:27:27.450 정보 [main] org.apache.catalina.startup.HostConfig.deployDirectory 웹 애플리케이션 디렉토리 [C:\Users\박북경\Desktop\workspace\AWS\Nil\tomcat\apache-tomcat-9.0.50-windows-x64\apache-tomcat-9.0.50\webapps\manager]에 대한 배치가 [70] 밀리초에 완료되었습니다.
27-Jul-2021 10:27:27.466 정보 [main] org.apache.catalina.startup.HostConfig.deployDirectory 웹 애플리케이션 디렉토리 [C:\Users\박북경\Desktop\workspace\AWS\Nil\tomcat\apache-tomcat-9.0.50-windows-x64\apache-tomcat-9.0.50\webapps\ROOT]을(를) 배치합니다.
27-Jul-2021 10:27:27.524 정보 [main] org.apache.catalina.startup.HostConfig.deployDirectory 웹 애플리케이션 디렉토리 [C:\Users\박북경\Desktop\workspace\AWS\Nil\tomcat\apache-tomcat-9.0.50-windows-x64\apache-tomcat-9.0.50\webapps\ROOT]에 대한 배치가 [58] 밀리초에 완료되었습니다.
27-Jul-2021 10:27:27.534 정보 [main] org.apache.coyote.AbstractProtocol.start 프로토콜 핸들러 ["http-nio-8080"]을(를) 시작합니다.
27-Jul-2021 10:27:27.575 정보 [main] org.apache.catalina.startup.Catalina.start 서버가 [6814] 밀리초 내에 시작되었습니다.
27-Jul-2021 10:30:18.335 정보 [Catalina-utility-2] org.apache.catalina.startup.HostConfig.undeploy 컨텍스트 [/NilPage-0.0.1-SNAPSHOT]의 배치를 제거합니다.
27-Jul-2021 10:30:39.679 정보 [main] org.apache.catalina.core.StandardServer.await 셧다운 포트를 통해 유효한 셧다운 명령을 받았습니다. 서버 인스턴스를 중지시킵니다.
27-Jul-2021 10:30:39.691 정보 [main] org.apache.coyote.AbstractProtocol.pause 프로토콜 핸들러 ["http-nio-8080"]을(를) 일시 정지 중
27-Jul-2021 10:30:40.613 정보 [main] org.apache.catalina.core.StandardService.stopInternal 서비스 [Catalina]을(를) 중지시킵니다.
27-Jul-2021 10:30:40.647 정보 [main] org.apache.coyote.AbstractProtocol.stop 프로토콜 핸들러 ["http-nio-8080"]을(를) 중지시킵니다.
27-Jul-2021 10:30:40.665 정보 [main] org.apache.coyote.AbstractProtocol.destroy 프로토콜 핸들러 ["http-nio-8080"]을(를) 소멸시킵니다.
27-Jul-2021 10:30:46.790 정보 [main] org.apache.catalina.startup.VersionLoggerListener.log 서버 버전 이름:    Apache Tomcat/9.0.50
27-Jul-2021 10:30:46.794 정보 [main] org.apache.catalina.startup.VersionLoggerListener.log Server 빌드 시각:  Jun 28 2021 08:46:44 UTC
27-Jul-2021 10:30:46.794 정보 [main] org.apache.catalina.startup.VersionLoggerListener.log Server 버전 번호:  9.0.50.0
27-Jul-2021 10:30:46.794 정보 [main] org.apache.catalina.startup.VersionLoggerListener.log 운영체제 이름:     Windows 10
27-Jul-2021 10:30:46.795 정보 [main] org.apache.catalina.startup.VersionLoggerListener.log 운영체제 버전:     10.0
27-Jul-2021 10:30:46.795 정보 [main] org.apache.catalina.startup.VersionLoggerListener.log 아키텍처:          amd64
27-Jul-2021 10:30:46.795 정보 [main] org.apache.catalina.startup.VersionLoggerListener.log 자바 홈:           C:\Program Files\Java\jdk1.8.0_291\jre
27-Jul-2021 10:30:46.795 정보 [main] org.apache.catalina.startup.VersionLoggerListener.log JVM 버전:          1.8.0_291-b10
27-Jul-2021 10:30:46.796 정보 [main] org.apache.catalina.startup.VersionLoggerListener.log JVM 벤더:          Oracle Corporation
27-Jul-2021 10:30:46.796 정보 [main] org.apache.catalina.startup.VersionLoggerListener.log CATALINA_BASE:     C:\Users\박북경\Desktop\workspace\AWS\Nil\tomcat\apache-tomcat-9.0.50-windows-x64\apache-tomcat-9.0.50
27-Jul-2021 10:30:46.796 정보 [main] org.apache.catalina.startup.VersionLoggerListener.log CATALINA_HOME:     C:\Users\박북경\Desktop\workspace\AWS\Nil\tomcat\apache-tomcat-9.0.50-windows-x64\apache-tomcat-9.0.50
27-Jul-2021 10:30:46.797 정보 [main] org.apache.catalina.startup.VersionLoggerListener.log 명령 행 아규먼트:  -Djava.util.logging.config.file=C:\Users\박북경\Desktop\workspace\AWS\Nil\tomcat\apache-tomcat-9.0.50-windows-x64\apache-tomcat-9.0.50\conf\logging.properties
27-Jul-2021 10:30:46.797 정보 [main] org.apache.catalina.startup.VersionLoggerListener.log 명령 행 아규먼트:  -Djava.util.logging.manager=org.apache.juli.ClassLoaderLogManager
27-Jul-2021 10:30:46.798 정보 [main] org.apache.catalina.startup.VersionLoggerListener.log 명령 행 아규먼트:  -Dfile.encoding=utf-8
27-Jul-2021 10:30:46.798 정보 [main] org.apache.catalina.startup.VersionLoggerListener.log 명령 행 아규먼트:  -Djdk.tls.ephemeralDHKeySize=2048
27-Jul-2021 10:30:46.798 정보 [main] org.apache.catalina.startup.VersionLoggerListener.log 명령 행 아규먼트:  -Djava.protocol.handler.pkgs=org.apache.catalina.webresources
27-Jul-2021 10:30:46.798 정보 [main] org.apache.catalina.startup.VersionLoggerListener.log 명령 행 아규먼트:  -Dignore.endorsed.dirs=
27-Jul-2021 10:30:46.799 정보 [main] org.apache.catalina.startup.VersionLoggerListener.log 명령 행 아규먼트:  -Dcatalina.base=C:\Users\박북경\Desktop\workspace\AWS\Nil\tomcat\apache-tomcat-9.0.50-windows-x64\apache-tomcat-9.0.50
27-Jul-2021 10:30:46.799 정보 [main] org.apache.catalina.startup.VersionLoggerListener.log 명령 행 아규먼트:  -Dcatalina.home=C:\Users\박북경\Desktop\workspace\AWS\Nil\tomcat\apache-tomcat-9.0.50-windows-x64\apache-tomcat-9.0.50
27-Jul-2021 10:30:46.801 정보 [main] org.apache.catalina.startup.VersionLoggerListener.log 명령 행 아규먼트:  -Djava.io.tmpdir=C:\Users\박북경\Desktop\workspace\AWS\Nil\tomcat\apache-tomcat-9.0.50-windows-x64\apache-tomcat-9.0.50\temp
27-Jul-2021 10:30:46.806 정보 [main] org.apache.catalina.core.AprLifecycleListener.lifecycleEvent APR 버전 [1.7.0]을(를) 사용한, APR 기반 Apache Tomcat Native 라이브러리 [1.2.30]을(를) 로드했습니다.
27-Jul-2021 10:30:46.807 정보 [main] org.apache.catalina.core.AprLifecycleListener.lifecycleEvent APR 용량정보들: IPv6 [true], sendfile [true], accept filters [false], random [true], UDS [true].
27-Jul-2021 10:30:46.808 정보 [main] org.apache.catalina.core.AprLifecycleListener.lifecycleEvent APR/OpenSSL 설정: useAprConnector [false], useOpenSSL [true]
27-Jul-2021 10:30:46.818 정보 [main] org.apache.catalina.core.AprLifecycleListener.initializeSSL OpenSSL이 성공적으로 초기화되었습니다: [OpenSSL 1.1.1k  25 Mar 2021]
27-Jul-2021 10:30:47.367 정보 [main] org.apache.coyote.AbstractProtocol.init 프로토콜 핸들러 ["http-nio-8080"]을(를) 초기화합니다.
27-Jul-2021 10:30:47.412 정보 [main] org.apache.catalina.startup.Catalina.load [906] 밀리초 내에 서버가 초기화되었습니다.
27-Jul-2021 10:30:47.471 정보 [main] org.apache.catalina.core.StandardService.startInternal 서비스 [Catalina]을(를) 시작합니다.
27-Jul-2021 10:30:47.473 정보 [main] org.apache.catalina.core.StandardEngine.startInternal 서버 엔진을 시작합니다: [Apache Tomcat/9.0.50]
27-Jul-2021 10:30:47.502 정보 [main] org.apache.coyote.AbstractProtocol.start 프로토콜 핸들러 ["http-nio-8080"]을(를) 시작합니다.
27-Jul-2021 10:30:48.473 정보 [main] org.apache.catalina.startup.Catalina.start 서버가 [1056] 밀리초 내에 시작되었습니다.
27-Jul-2021 10:32:30.245 정보 [main] org.apache.catalina.core.StandardServer.await 셧다운 포트를 통해 유효한 셧다운 명령을 받았습니다. 서버 인스턴스를 중지시킵니다.
27-Jul-2021 10:32:30.248 정보 [main] org.apache.coyote.AbstractProtocol.pause 프로토콜 핸들러 ["http-nio-8080"]을(를) 일시 정지 중
27-Jul-2021 10:32:31.112 정보 [main] org.apache.catalina.core.StandardService.stopInternal 서비스 [Catalina]을(를) 중지시킵니다.
27-Jul-2021 10:32:31.115 정보 [main] org.apache.coyote.AbstractProtocol.stop 프로토콜 핸들러 ["http-nio-8080"]을(를) 중지시킵니다.
27-Jul-2021 10:32:31.171 정보 [main] org.apache.coyote.AbstractProtocol.destroy 프로토콜 핸들러 ["http-nio-8080"]을(를) 소멸시킵니다.
